-------------------------------------------------------------------------------
Test set: com.stackroute.muzix.MuzixApplicationTests
-------------------------------------------------------------------------------
Tests run: 1, Failures: 0, Errors: 1, Skipped: 0, Time elapsed: 0.325 s <<< FAILURE! - in com.stackroute.muzix.MuzixApplicationTests
initializationError(com.stackroute.muzix.MuzixApplicationTests)  Time elapsed: 0.012 s  <<< ERROR!
java.lang.Exception: No runnable methods

