-------------------------------------------------------------------------------
Test set: com.stackroute.muzix.repository.TrackRepositoryTest
-------------------------------------------------------------------------------
Tests run: 1, Failures: 0, Errors: 1, Skipped: 0, Time elapsed: 4.534 s <<< FAILURE! - in com.stackroute.muzix.repository.TrackRepositoryTest
testSave(com.stackroute.muzix.repository.TrackRepositoryTest)  Time elapsed: 0.003 s  <<< ERROR!
java.lang.IllegalStateException: Failed to load ApplicationContext
Caused by: org.springframework.beans.factory.UnsatisfiedDependencyException: Error creating bean with name 'documentationPluginsBootstrapper' defined in URL [jar:file:/home/somyadeep/.m2/repository/io/springfox/springfox-spring-web/2.6.1/springfox-spring-web-2.6.1.jar!/springfox/documentation/spring/web/plugins/DocumentationPluginsBootstrapper.class]: Unsatisfied dependency expressed through constructor parameter 6; nested exception is org.springframework.beans.factory.NoSuchBeanDefinitionException: No qualifying bean of type 'javax.servlet.ServletContext' available: expected at least 1 bean which qualifies as autowire candidate. Dependency annotations: {}
Caused by: org.springframework.beans.factory.NoSuchBeanDefinitionException: No qualifying bean of type 'javax.servlet.ServletContext' available: expected at least 1 bean which qualifies as autowire candidate. Dependency annotations: {}

